<?xml version="1.0" encoding="UTF-8"?>
<!-- Generated by org.testng.reporters.JUnitXMLReporter -->
<testsuite hostname="HPDB0003" ignored="0" name="Default test" tests="8" failures="1" timestamp="26 Jun 2018 07:03:10 GMT" time="0.375" errors="0">
  <testcase name="deleteInvalidPlayer" time="0.037" classname="com.qainfotech.tap.training.snl.api.MainTestClass">
    <failure type="org.json.JSONException" message="JSONObject[&amp;quot;uuid&amp;quot;] not a string.">
      <![CDATA[org.json.JSONException: JSONObject["uuid"] not a string.
	at org.json.JSONObject.getString(JSONObject.java:721)
	at com.qainfotech.tap.training.snl.api.Board.deletePlayer(Board.java:106)
	at Pages.BoardPage.deletePlayer(BoardPage.java:55)
	at com.qainfotech.tap.training.snl.api.MainTestClass.deleteInvalidPlayer(MainTestClass.java:49)
	at sun.reflect.NativeMethodAccessorImpl.invoke0(Native Method)
	at sun.reflect.NativeMethodAccessorImpl.invoke(Unknown Source)
	at sun.reflect.DelegatingMethodAccessorImpl.invoke(Unknown Source)
	at java.lang.reflect.Method.invoke(Unknown Source)
	at org.testng.internal.MethodInvocationHelper.invokeMethod(MethodInvocationHelper.java:104)
	at org.testng.internal.Invoker.invokeMethod(Invoker.java:645)
	at org.testng.internal.Invoker.invokeTestMethod(Invoker.java:851)
	at org.testng.internal.Invoker.invokeTestMethods(Invoker.java:1177)
	at org.testng.internal.TestMethodWorker.invokeTestMethods(TestMethodWorker.java:129)
	at org.testng.internal.TestMethodWorker.run(TestMethodWorker.java:112)
	at org.testng.TestRunner.privateRun(TestRunner.java:756)
	at org.testng.TestRunner.run(TestRunner.java:610)
	at org.testng.SuiteRunner.runTest(SuiteRunner.java:387)
	at org.testng.SuiteRunner.runSequentially(SuiteRunner.java:382)
	at org.testng.SuiteRunner.privateRun(SuiteRunner.java:340)
	at org.testng.SuiteRunner.run(SuiteRunner.java:289)
	at org.testng.SuiteRunnerWorker.runSuite(SuiteRunnerWorker.java:52)
	at org.testng.SuiteRunnerWorker.run(SuiteRunnerWorker.java:86)
	at org.testng.TestNG.runSuitesSequentially(TestNG.java:1293)
	at org.testng.TestNG.runSuitesLocally(TestNG.java:1218)
	at org.testng.TestNG.runSuites(TestNG.java:1133)
	at org.testng.TestNG.run(TestNG.java:1104)
	at org.testng.remote.AbstractRemoteTestNG.run(AbstractRemoteTestNG.java:114)
	at org.testng.remote.RemoteTestNG.initAndRun(RemoteTestNG.java:251)
	at org.testng.remote.RemoteTestNG.main(RemoteTestNG.java:77)
]]>
    </failure>
  </testcase> <!-- deleteInvalidPlayer -->
  <testcase name="invalidTurnByPlayer" time="0.013" classname="com.qainfotech.tap.training.snl.api.MainTestClass"/>
  <testcase name="jumpingBackwardWithSnake" time="0.015" classname="com.qainfotech.tap.training.snl.api.MainTestClass"/>
  <testcase name="jumpingForwardWithLadder" time="0.015" classname="com.qainfotech.tap.training.snl.api.MainTestClass"/>
  <testcase name="moreThanFourPlayerJoining" time="0.011" classname="com.qainfotech.tap.training.snl.api.MainTestClass"/>
  <testcase name="newPositionGreaterThan100" time="0.091" classname="com.qainfotech.tap.training.snl.api.MainTestClass"/>
  <testcase name="playerJoiningAfterGameStarted" time="0.011" classname="com.qainfotech.tap.training.snl.api.MainTestClass"/>
  <testcase name="playerJoiningWithSameName" time="0.009" classname="com.qainfotech.tap.training.snl.api.MainTestClass"/>
</testsuite> <!-- Default test -->
